<?xml version="1.0" encoding="UTF-8"?>
<testsuite xmlns:xsi="http://www.w3.org/2001/XMLSchema-instance" xsi:noNamespaceSchemaLocation="https://maven.apache.org/surefire/maven-surefire-plugin/xsd/surefire-test-report-3.0.xsd" version="3.0" name="tests.SearchItemTest" time="20.738" tests="3" errors="0" skipped="1" failures="1">
  <properties>
[...]
</properties>
  <testcase name="testSearchFunctionality2" classname="tests.SearchItemTest" time="0.0">
    <skipped message="This test is skipped as it is not implemented yet"/>
    <system-err><![CDATA[SLF4J(W): No SLF4J providers were found.
SLF4J(W): Defaulting to no-operation (NOP) logger implementation
SLF4J(W): See https://www.slf4j.org/codes.html#noProviders for further details.
]]></system-err>
  </testcase>
  <testcase name="addSearchedItemToCart" classname="tests.SearchItemTest" time="19.169">
    <failure message="Some products did not match the search term:&#10;Product name does not contain &apos;dress&apos;: SUEDE LOAFER, NAVY&#10;Product name does not contain &apos;dress&apos;: DORIAN PERFORATED OXFORD&#10;Product name does not contain &apos;dress&apos;: SLIM FIT DOBBY OXFORD SHIRT&#10;Product name does not contain &apos;dress&apos;: FRENCH CUFF COTTON TWILL OXFORD ==&gt; expected: &lt;true&gt; but was: &lt;false&gt;" type="org.opentest4j.AssertionFailedError"><![CDATA[org.opentest4j.AssertionFailedError: 
Some products did not match the search term:
Product name does not contain 'dress': SUEDE LOAFER, NAVY
Product name does not contain 'dress': DORIAN PERFORATED OXFORD
Product name does not contain 'dress': SLIM FIT DOBBY OXFORD SHIRT
Product name does not contain 'dress': FRENCH CUFF COTTON TWILL OXFORD ==> expected: <true> but was: <false>
	at org.junit.jupiter.api.AssertionFailureBuilder.build(AssertionFailureBuilder.java:151)
	at org.junit.jupiter.api.AssertionFailureBuilder.buildAndThrow(AssertionFailureBuilder.java:132)
	at org.junit.jupiter.api.AssertTrue.failNotTrue(AssertTrue.java:63)
	at org.junit.jupiter.api.AssertTrue.assertTrue(AssertTrue.java:36)
	at org.junit.jupiter.api.Assertions.assertTrue(Assertions.java:214)
	at tests.SearchItemTest.addSearchedItemToCart(SearchItemTest.java:46)
	at java.base/java.lang.reflect.Method.invoke(Method.java:580)
	at java.base/java.util.ArrayList.forEach(ArrayList.java:1596)
	at java.base/java.util.ArrayList.forEach(ArrayList.java:1596)
]]></failure>
  </testcase>
  <testcase name="addItemToCart" classname="tests.SearchItemTest" time="1.225"/>
</testsuite>